[debug] [2023-02-07T12:05:51.744Z] ----------------------------------------------------------------------
[debug] [2023-02-07T12:05:51.745Z] Command:       C:\Program Files\nodejs\node.exe C:\Users\vikum\AppData\Roaming\npm\node_modules\firebase-tools\lib\bin\firebase.js deploy
[debug] [2023-02-07T12:05:51.746Z] CLI Version:   10.4.0
[debug] [2023-02-07T12:05:51.746Z] Platform:      win32
[debug] [2023-02-07T12:05:51.746Z] Node Version:  v16.14.0
[debug] [2023-02-07T12:05:51.746Z] Time:          Tue Feb 07 2023 17:35:51 GMT+0530 (India Standard Time)
[debug] [2023-02-07T12:05:51.747Z] ----------------------------------------------------------------------
[debug] 
[debug] [2023-02-07T12:05:51.749Z] >>> [apiv2][query] GET https://firebase-public.firebaseio.com/cli.json [none]
[debug] [2023-02-07T12:05:51.804Z] > command requires scopes: ["email","openid","https://www.googleapis.com/auth/cloudplatformprojects.readonly","https://www.googleapis.com/auth/firebase","https://www.googleapis.com/auth/cloud-platform"]
[debug] [2023-02-07T12:05:51.804Z] > authorizing via signed-in user (vikumwijekoon97@gmail.com)
[debug] [2023-02-07T12:05:51.805Z] [iam] checking project icx-opps for permissions ["firebase.projects.get","firebasehosting.sites.update"]
[debug] [2023-02-07T12:05:51.805Z] > refreshing access token with scopes: []
[debug] [2023-02-07T12:05:51.806Z] >>> HTTP REQUEST POST https://www.googleapis.com/oauth2/v3/token  
 <request body omitted>
[debug] [2023-02-07T12:05:52.011Z] <<< HTTP RESPONSE 400 {"expires":"Mon, 01 Jan 1990 00:00:00 GMT","cache-control":"no-cache, no-store, max-age=0, must-revalidate","pragma":"no-cache","date":"Tue, 07 Feb 2023 12:05:52 GMT","content-type":"application/json; charset=utf-8","vary":"X-Origin, Referer, Origin,Accept-Encoding","server":"scaffolding on HTTPServer2","x-xss-protection":"0","x-frame-options":"SAMEORIGIN","x-content-type-options":"nosniff","alt-svc":"h3=\":443\"; ma=2592000,h3-29=\":443\"; ma=2592000","accept-ranges":"none","transfer-encoding":"chunked"}
[debug] [2023-02-07T12:05:52.012Z] >>> [apiv2][query] POST https://cloudresourcemanager.googleapis.com/v1/projects/icx-opps:testIamPermissions [none]
[debug] [2023-02-07T12:05:52.012Z] >>> [apiv2][body] POST https://cloudresourcemanager.googleapis.com/v1/projects/icx-opps:testIamPermissions {"permissions":["firebase.projects.get","firebasehosting.sites.update"]}
[debug] [2023-02-07T12:05:52.468Z] <<< [apiv2][status] GET https://firebase-public.firebaseio.com/cli.json 200
[debug] [2023-02-07T12:05:52.468Z] <<< [apiv2][body] GET https://firebase-public.firebaseio.com/cli.json {"cloudBuildErrorAfter":1594252800000,"cloudBuildWarnAfter":1590019200000,"defaultNode10After":1594252800000,"minVersion":"3.0.5","node8DeploysDisabledAfter":1613390400000,"node8RuntimeDisabledAfter":1615809600000,"node8WarnAfter":1600128000000}
[debug] [2023-02-07T12:05:53.282Z] <<< [apiv2][status] POST https://cloudresourcemanager.googleapis.com/v1/projects/icx-opps:testIamPermissions 401
[debug] [2023-02-07T12:05:53.282Z] <<< [apiv2][body] POST https://cloudresourcemanager.googleapis.com/v1/projects/icx-opps:testIamPermissions {"error":{"code":401,"message":"Request had invalid authentication credentials. Expected OAuth 2 access token, login cookie or other valid authentication credential. See https://developers.google.com/identity/sign-in/web/devconsole-project.","status":"UNAUTHENTICATED","details":[{"@type":"type.googleapis.com/google.rpc.ErrorInfo","reason":"ACCESS_TOKEN_TYPE_UNSUPPORTED","metadata":{"method":"google.cloudresourcemanager.v1.Projects.TestIamPermissions","service":"cloudresourcemanager.googleapis.com"}}]}}
[debug] [2023-02-07T12:05:53.283Z] [iam] error while checking permissions, command may fail: FirebaseError: HTTP Error: 401, Request had invalid authentication credentials. Expected OAuth 2 access token, login cookie or other valid authentication credential. See https://developers.google.com/identity/sign-in/web/devconsole-project.
[debug] [2023-02-07T12:05:53.283Z] > refreshing access token with scopes: []
[debug] [2023-02-07T12:05:53.283Z] >>> HTTP REQUEST POST https://www.googleapis.com/oauth2/v3/token  
 <request body omitted>
[debug] [2023-02-07T12:05:53.429Z] <<< HTTP RESPONSE 400 {"expires":"Mon, 01 Jan 1990 00:00:00 GMT","pragma":"no-cache","date":"Tue, 07 Feb 2023 12:05:53 GMT","cache-control":"no-cache, no-store, max-age=0, must-revalidate","content-type":"application/json; charset=utf-8","vary":"X-Origin, Referer, Origin,Accept-Encoding","server":"scaffolding on HTTPServer2","x-xss-protection":"0","x-frame-options":"SAMEORIGIN","x-content-type-options":"nosniff","alt-svc":"h3=\":443\"; ma=2592000,h3-29=\":443\"; ma=2592000","accept-ranges":"none","transfer-encoding":"chunked"}
[debug] [2023-02-07T12:05:53.430Z] >>> [apiv2][query] GET https://firebase.googleapis.com/v1beta1/projects/icx-opps [none]
[debug] [2023-02-07T12:05:53.713Z] <<< [apiv2][status] GET https://firebase.googleapis.com/v1beta1/projects/icx-opps 401
[debug] [2023-02-07T12:05:53.713Z] <<< [apiv2][body] GET https://firebase.googleapis.com/v1beta1/projects/icx-opps {"error":{"code":401,"message":"Request had invalid authentication credentials. Expected OAuth 2 access token, login cookie or other valid authentication credential. See https://developers.google.com/identity/sign-in/web/devconsole-project.","status":"UNAUTHENTICATED"}}
[debug] [2023-02-07T12:05:53.713Z] HTTP Error: 401, Request had invalid authentication credentials. Expected OAuth 2 access token, login cookie or other valid authentication credential. See https://developers.google.com/identity/sign-in/web/devconsole-project.
[debug] [2023-02-07T12:05:53.714Z] FirebaseError: HTTP Error: 401, Request had invalid authentication credentials. Expected OAuth 2 access token, login cookie or other valid authentication credential. See https://developers.google.com/identity/sign-in/web/devconsole-project.
    at module.exports (C:\Users\vikum\AppData\Roaming\npm\node_modules\firebase-tools\lib\responseToError.js:47:12)
    at RetryOperation._fn (C:\Users\vikum\AppData\Roaming\npm\node_modules\firebase-tools\lib\apiv2.js:286:39)
    at processTicksAndRejections (node:internal/process/task_queues:96:5)
[error] 
[error] Error: Failed to get Firebase project icx-opps. Please make sure the project exists and your account has permission to access it.
